[    1152ms] Unexpected token '<'
[    1172ms] Unexpected token '<'
[    1155ms] [ERROR] Failed to load resource: the server responded with a status of 405 () @ https://chatty-stage-app.rumsan.us/auth/login/?ip=0&_=1776418286853&ver=1.360.1&compression=gzip-js:0
[    1251ms] Unexpected token '<'
[    4263ms] [WARNING] The resource https://chatty-stage-app.rumsan.us/_next/static/media/4cf2300e9c8272f7-s.p.woff2 was preloaded using link preload but not used within a few seconds from the window's load event. Please make sure it has an appropriate `as` value and it is preloaded intentionally. @ https://chatty-stage-app.rumsan.us/auth/login:0
[    4263ms] [WARNING] The resource https://chatty-stage-app.rumsan.us/_next/static/media/93f479601ee12b01-s.p.woff2 was preloaded using link preload but not used within a few seconds from the window's load event. Please make sure it has an appropriate `as` value and it is preloaded intentionally. @ https://chatty-stage-app.rumsan.us/auth/login:0
[    7788ms] [ERROR] Failed to load resource: the server responded with a status of 405 () @ https://chatty-stage-app.rumsan.us/auth/login/?ip=0&_=1776418293533&ver=1.360.1:0
[   10791ms] [WARNING] The resource https://chatty-stage-app.rumsan.us/_next/static/media/4cf2300e9c8272f7-s.p.woff2 was preloaded using link preload but not used within a few seconds from the window's load event. Please make sure it has an appropriate `as` value and it is preloaded intentionally. @ https://chatty-stage-app.rumsan.us/auth/login:0
[   10791ms] [WARNING] The resource https://chatty-stage-app.rumsan.us/_next/static/media/93f479601ee12b01-s.p.woff2 was preloaded using link preload but not used within a few seconds from the window's load event. Please make sure it has an appropriate `as` value and it is preloaded intentionally. @ https://chatty-stage-app.rumsan.us/auth/login:0
[   53324ms] [ERROR] Failed to load resource: the server responded with a status of 405 () @ https://chatty-stage-app.rumsan.us/auth/login/?ip=0&_=1776418338975&ver=1.360.1:0
[   56328ms] [WARNING] The resource https://chatty-stage-app.rumsan.us/_next/static/media/4cf2300e9c8272f7-s.p.woff2 was preloaded using link preload but not used within a few seconds from the window's load event. Please make sure it has an appropriate `as` value and it is preloaded intentionally. @ https://chatty-stage-app.rumsan.us/auth/login:0
[   56328ms] [WARNING] The resource https://chatty-stage-app.rumsan.us/_next/static/media/93f479601ee12b01-s.p.woff2 was preloaded using link preload but not used within a few seconds from the window's load event. Please make sure it has an appropriate `as` value and it is preloaded intentionally. @ https://chatty-stage-app.rumsan.us/auth/login:0
[   58849ms] [ERROR] Failed to load resource: the server responded with a status of 405 () @ https://chatty-stage-app.rumsan.us/auth/login/?ip=0&_=1776418344596&ver=1.360.1:0
[   62281ms] [WARNING] The resource https://chatty-stage-app.rumsan.us/_next/static/media/4cf2300e9c8272f7-s.p.woff2 was preloaded using link preload but not used within a few seconds from the window's load event. Please make sure it has an appropriate `as` value and it is preloaded intentionally. @ https://chatty-stage-app.rumsan.us/auth/verify-otp?email=anusha%402ajvmidc.mailosaur.net:0
[   62281ms] [WARNING] The resource https://chatty-stage-app.rumsan.us/_next/static/media/93f479601ee12b01-s.p.woff2 was preloaded using link preload but not used within a few seconds from the window's load event. Please make sure it has an appropriate `as` value and it is preloaded intentionally. @ https://chatty-stage-app.rumsan.us/auth/verify-otp?email=anusha%402ajvmidc.mailosaur.net:0
[   62301ms] [ERROR] Failed to load resource: the server responded with a status of 405 () @ https://chatty-stage-app.rumsan.us/auth/login/?ip=0&_=1776418348039&ver=1.360.1:0
[   65302ms] [WARNING] The resource https://chatty-stage-app.rumsan.us/_next/static/media/4cf2300e9c8272f7-s.p.woff2 was preloaded using link preload but not used within a few seconds from the window's load event. Please make sure it has an appropriate `as` value and it is preloaded intentionally. @ https://chatty-stage-app.rumsan.us/auth/verify-otp?email=anusha%402ajvmidc.mailosaur.net:0
[   65303ms] [WARNING] The resource https://chatty-stage-app.rumsan.us/_next/static/media/93f479601ee12b01-s.p.woff2 was preloaded using link preload but not used within a few seconds from the window's load event. Please make sure it has an appropriate `as` value and it is preloaded intentionally. @ https://chatty-stage-app.rumsan.us/auth/verify-otp?email=anusha%402ajvmidc.mailosaur.net:0
[   72260ms] [ERROR] Failed to load resource: the server responded with a status of 400 () @ https://chatty-stage-app.rumsan.us/api/verify-otp:0
[   73303ms] [ERROR] Failed to load resource: the server responded with a status of 400 () @ https://chatty-stage-app.rumsan.us/api/verify-otp:0
[   74103ms] [ERROR] Failed to load resource: the server responded with a status of 405 () @ https://chatty-stage-app.rumsan.us/auth/login/?ip=0&_=1776418359848&ver=1.360.1:0
[   77105ms] [WARNING] The resource https://chatty-stage-app.rumsan.us/_next/static/media/4cf2300e9c8272f7-s.p.woff2 was preloaded using link preload but not used within a few seconds from the window's load event. Please make sure it has an appropriate `as` value and it is preloaded intentionally. @ https://chatty-stage-app.rumsan.us/auth/verify-otp?email=anusha%402ajvmidc.mailosaur.net:0
[   77105ms] [WARNING] The resource https://chatty-stage-app.rumsan.us/_next/static/media/93f479601ee12b01-s.p.woff2 was preloaded using link preload but not used within a few seconds from the window's load event. Please make sure it has an appropriate `as` value and it is preloaded intentionally. @ https://chatty-stage-app.rumsan.us/auth/verify-otp?email=anusha%402ajvmidc.mailosaur.net:0
[   95040ms] [WARNING] The resource https://chatty-stage-app.rumsan.us/_next/static/media/4cf2300e9c8272f7-s.p.woff2 was preloaded using link preload but not used within a few seconds from the window's load event. Please make sure it has an appropriate `as` value and it is preloaded intentionally. @ https://chatty-stage-app.rumsan.us/admin:0
[   95040ms] [WARNING] The resource https://chatty-stage-app.rumsan.us/_next/static/media/93f479601ee12b01-s.p.woff2 was preloaded using link preload but not used within a few seconds from the window's load event. Please make sure it has an appropriate `as` value and it is preloaded intentionally. @ https://chatty-stage-app.rumsan.us/admin:0
[  102102ms] [WARNING] The resource https://chatty-stage-app.rumsan.us/_next/static/media/4cf2300e9c8272f7-s.p.woff2 was preloaded using link preload but not used within a few seconds from the window's load event. Please make sure it has an appropriate `as` value and it is preloaded intentionally. @ https://chatty-stage-app.rumsan.us/admin:0
[  102102ms] [WARNING] The resource https://chatty-stage-app.rumsan.us/_next/static/media/93f479601ee12b01-s.p.woff2 was preloaded using link preload but not used within a few seconds from the window's load event. Please make sure it has an appropriate `as` value and it is preloaded intentionally. @ https://chatty-stage-app.rumsan.us/admin:0
[  107502ms] [WARNING] The resource https://chatty-stage-app.rumsan.us/_next/static/media/4cf2300e9c8272f7-s.p.woff2 was preloaded using link preload but not used within a few seconds from the window's load event. Please make sure it has an appropriate `as` value and it is preloaded intentionally. @ https://chatty-stage-app.rumsan.us/admin:0
[  107502ms] [WARNING] The resource https://chatty-stage-app.rumsan.us/_next/static/media/93f479601ee12b01-s.p.woff2 was preloaded using link preload but not used within a few seconds from the window's load event. Please make sure it has an appropriate `as` value and it is preloaded intentionally. @ https://chatty-stage-app.rumsan.us/admin:0
[  114004ms] [WARNING] The resource https://chatty-stage-app.rumsan.us/_next/static/media/4cf2300e9c8272f7-s.p.woff2 was preloaded using link preload but not used within a few seconds from the window's load event. Please make sure it has an appropriate `as` value and it is preloaded intentionally. @ https://chatty-stage-app.rumsan.us/admin:0
[  114004ms] [WARNING] The resource https://chatty-stage-app.rumsan.us/_next/static/media/93f479601ee12b01-s.p.woff2 was preloaded using link preload but not used within a few seconds from the window's load event. Please make sure it has an appropriate `as` value and it is preloaded intentionally. @ https://chatty-stage-app.rumsan.us/admin:0
[  121255ms] [ERROR] Failed to load resource: the server responded with a status of 405 () @ https://chatty-stage-app.rumsan.us/auth/login/?ip=0&_=1776418407004&ver=1.360.1&compression=gzip-js:0
[  121259ms] [ERROR] Failed to load resource: the server responded with a status of 405 () @ https://chatty-stage-app.rumsan.us/auth/login/?ip=0&_=1776418407010&ver=1.360.1&compression=gzip-js:0
[  124261ms] [WARNING] The resource https://chatty-stage-app.rumsan.us/_next/static/media/4cf2300e9c8272f7-s.p.woff2 was preloaded using link preload but not used within a few seconds from the window's load event. Please make sure it has an appropriate `as` value and it is preloaded intentionally. @ https://chatty-stage-app.rumsan.us/admin/workspaces/anushadollardollardollar-1776333155004:0
[  124261ms] [WARNING] The resource https://chatty-stage-app.rumsan.us/_next/static/media/93f479601ee12b01-s.p.woff2 was preloaded using link preload but not used within a few seconds from the window's load event. Please make sure it has an appropriate `as` value and it is preloaded intentionally. @ https://chatty-stage-app.rumsan.us/admin/workspaces/anushadollardollardollar-1776333155004:0
[  125504ms] [ERROR] Failed to load resource: the server responded with a status of 405 () @ https://chatty-stage-app.rumsan.us/auth/login/?ip=0&_=1776418411256&ver=1.360.1&compression=gzip-js:0
[  126850ms] [ERROR] Failed to load resource: the server responded with a status of 405 () @ https://chatty-stage-app.rumsan.us/auth/login/?ip=0&_=1776418412554&ver=1.360.1&compression=gzip-js:0
[  129851ms] [WARNING] The resource https://chatty-stage-app.rumsan.us/_next/static/media/4cf2300e9c8272f7-s.p.woff2 was preloaded using link preload but not used within a few seconds from the window's load event. Please make sure it has an appropriate `as` value and it is preloaded intentionally. @ https://chatty-stage-app.rumsan.us/auth/login:0
[  129851ms] [WARNING] The resource https://chatty-stage-app.rumsan.us/_next/static/media/93f479601ee12b01-s.p.woff2 was preloaded using link preload but not used within a few seconds from the window's load event. Please make sure it has an appropriate `as` value and it is preloaded intentionally. @ https://chatty-stage-app.rumsan.us/auth/login:0
[  129861ms] [ERROR] Failed to load resource: the server responded with a status of 405 () @ https://chatty-stage-app.rumsan.us/auth/login/?ip=0&_=1776418415544&ver=1.360.1&compression=gzip-js:0
[  132863ms] [WARNING] The resource https://chatty-stage-app.rumsan.us/_next/static/media/4cf2300e9c8272f7-s.p.woff2 was preloaded using link preload but not used within a few seconds from the window's load event. Please make sure it has an appropriate `as` value and it is preloaded intentionally. @ https://chatty-stage-app.rumsan.us/auth/login:0
[  132863ms] [WARNING] The resource https://chatty-stage-app.rumsan.us/_next/static/media/93f479601ee12b01-s.p.woff2 was preloaded using link preload but not used within a few seconds from the window's load event. Please make sure it has an appropriate `as` value and it is preloaded intentionally. @ https://chatty-stage-app.rumsan.us/auth/login:0
[  134813ms] [ERROR] Failed to load resource: the server responded with a status of 405 () @ https://chatty-stage-app.rumsan.us/auth/login/?ip=0&_=1776418420550&ver=1.360.1&compression=gzip-js:0
[  134819ms] [ERROR] Failed to load resource: the server responded with a status of 405 () @ https://chatty-stage-app.rumsan.us/auth/login/?ip=0&_=1776418420556&ver=1.360.1&compression=gzip-js:0
[  137820ms] [WARNING] The resource https://chatty-stage-app.rumsan.us/_next/static/media/4cf2300e9c8272f7-s.p.woff2 was preloaded using link preload but not used within a few seconds from the window's load event. Please make sure it has an appropriate `as` value and it is preloaded intentionally. @ https://chatty-stage-app.rumsan.us/auth/login:0
[  137820ms] [WARNING] The resource https://chatty-stage-app.rumsan.us/_next/static/media/93f479601ee12b01-s.p.woff2 was preloaded using link preload but not used within a few seconds from the window's load event. Please make sure it has an appropriate `as` value and it is preloaded intentionally. @ https://chatty-stage-app.rumsan.us/auth/login:0
[  139901ms] [ERROR] Failed to load resource: the server responded with a status of 405 () @ https://chatty-stage-app.rumsan.us/auth/login/?ip=0&_=1776418425615&ver=1.360.1&compression=gzip-js:0
[  142904ms] [WARNING] The resource https://chatty-stage-app.rumsan.us/_next/static/media/4cf2300e9c8272f7-s.p.woff2 was preloaded using link preload but not used within a few seconds from the window's load event. Please make sure it has an appropriate `as` value and it is preloaded intentionally. @ https://chatty-stage-app.rumsan.us/auth/login:0
[  142904ms] [WARNING] The resource https://chatty-stage-app.rumsan.us/_next/static/media/93f479601ee12b01-s.p.woff2 was preloaded using link preload but not used within a few seconds from the window's load event. Please make sure it has an appropriate `as` value and it is preloaded intentionally. @ https://chatty-stage-app.rumsan.us/auth/login:0
[  144820ms] [ERROR] Failed to load resource: the server responded with a status of 405 () @ https://chatty-stage-app.rumsan.us/auth/login/?ip=0&_=1776418430555&ver=1.360.1&compression=gzip-js:0
[  144829ms] [ERROR] Failed to load resource: the server responded with a status of 405 () @ https://chatty-stage-app.rumsan.us/auth/login/?ip=0&_=1776418430558&ver=1.360.1&compression=gzip-js:0
[  147831ms] [WARNING] The resource https://chatty-stage-app.rumsan.us/_next/static/media/4cf2300e9c8272f7-s.p.woff2 was preloaded using link preload but not used within a few seconds from the window's load event. Please make sure it has an appropriate `as` value and it is preloaded intentionally. @ https://chatty-stage-app.rumsan.us/auth/login:0
[  147832ms] [WARNING] The resource https://chatty-stage-app.rumsan.us/_next/static/media/93f479601ee12b01-s.p.woff2 was preloaded using link preload but not used within a few seconds from the window's load event. Please make sure it has an appropriate `as` value and it is preloaded intentionally. @ https://chatty-stage-app.rumsan.us/auth/login:0
[  149878ms] [ERROR] Failed to load resource: the server responded with a status of 405 () @ https://chatty-stage-app.rumsan.us/auth/login/?ip=0&_=1776418435622&ver=1.360.1&compression=gzip-js:0
[  152880ms] [WARNING] The resource https://chatty-stage-app.rumsan.us/_next/static/media/4cf2300e9c8272f7-s.p.woff2 was preloaded using link preload but not used within a few seconds from the window's load event. Please make sure it has an appropriate `as` value and it is preloaded intentionally. @ https://chatty-stage-app.rumsan.us/auth/login:0
[  152880ms] [WARNING] The resource https://chatty-stage-app.rumsan.us/_next/static/media/93f479601ee12b01-s.p.woff2 was preloaded using link preload but not used within a few seconds from the window's load event. Please make sure it has an appropriate `as` value and it is preloaded intentionally. @ https://chatty-stage-app.rumsan.us/auth/login:0
[  154949ms] [ERROR] Failed to load resource: the server responded with a status of 405 () @ https://chatty-stage-app.rumsan.us/auth/login/?ip=0&_=1776418440674&ver=1.360.1&compression=gzip-js:0
[  157951ms] [WARNING] The resource https://chatty-stage-app.rumsan.us/_next/static/media/4cf2300e9c8272f7-s.p.woff2 was preloaded using link preload but not used within a few seconds from the window's load event. Please make sure it has an appropriate `as` value and it is preloaded intentionally. @ https://chatty-stage-app.rumsan.us/auth/login:0
[  157951ms] [WARNING] The resource https://chatty-stage-app.rumsan.us/_next/static/media/93f479601ee12b01-s.p.woff2 was preloaded using link preload but not used within a few seconds from the window's load event. Please make sure it has an appropriate `as` value and it is preloaded intentionally. @ https://chatty-stage-app.rumsan.us/auth/login:0
[  159999ms] [ERROR] Failed to load resource: the server responded with a status of 405 () @ https://chatty-stage-app.rumsan.us/auth/login/?ip=0&_=1776418445744&ver=1.360.1&compression=gzip-js:0
[  163000ms] [WARNING] The resource https://chatty-stage-app.rumsan.us/_next/static/media/4cf2300e9c8272f7-s.p.woff2 was preloaded using link preload but not used within a few seconds from the window's load event. Please make sure it has an appropriate `as` value and it is preloaded intentionally. @ https://chatty-stage-app.rumsan.us/auth/login:0
[  163000ms] [WARNING] The resource https://chatty-stage-app.rumsan.us/_next/static/media/93f479601ee12b01-s.p.woff2 was preloaded using link preload but not used within a few seconds from the window's load event. Please make sure it has an appropriate `as` value and it is preloaded intentionally. @ https://chatty-stage-app.rumsan.us/auth/login:0
[  164299ms] [ERROR] Failed to load resource: the server responded with a status of 405 () @ https://chatty-stage-app.rumsan.us/auth/login/?ip=0&_=1776418450035&ver=1.360.1&compression=gzip-js:0
[  164299ms] [ERROR] Failed to load resource: the server responded with a status of 405 () @ https://chatty-stage-app.rumsan.us/auth/login/?ip=0&_=1776418450037&ver=1.360.1&compression=gzip-js:0
[  167300ms] [WARNING] The resource https://chatty-stage-app.rumsan.us/_next/static/media/4cf2300e9c8272f7-s.p.woff2 was preloaded using link preload but not used within a few seconds from the window's load event. Please make sure it has an appropriate `as` value and it is preloaded intentionally. @ https://chatty-stage-app.rumsan.us/auth/login:0
[  167300ms] [WARNING] The resource https://chatty-stage-app.rumsan.us/_next/static/media/93f479601ee12b01-s.p.woff2 was preloaded using link preload but not used within a few seconds from the window's load event. Please make sure it has an appropriate `as` value and it is preloaded intentionally. @ https://chatty-stage-app.rumsan.us/auth/login:0
[  169511ms] [ERROR] Failed to load resource: the server responded with a status of 405 () @ https://chatty-stage-app.rumsan.us/auth/login/?ip=0&_=1776418455095&ver=1.360.1&compression=gzip-js:0
[  172514ms] [WARNING] The resource https://chatty-stage-app.rumsan.us/_next/static/media/4cf2300e9c8272f7-s.p.woff2 was preloaded using link preload but not used within a few seconds from the window's load event. Please make sure it has an appropriate `as` value and it is preloaded intentionally. @ https://chatty-stage-app.rumsan.us/auth/login:0
[  172514ms] [WARNING] The resource https://chatty-stage-app.rumsan.us/_next/static/media/93f479601ee12b01-s.p.woff2 was preloaded using link preload but not used within a few seconds from the window's load event. Please make sure it has an appropriate `as` value and it is preloaded intentionally. @ https://chatty-stage-app.rumsan.us/auth/login:0
[  174569ms] [ERROR] Failed to load resource: the server responded with a status of 405 () @ https://chatty-stage-app.rumsan.us/auth/login/?ip=0&_=1776418460308&ver=1.360.1&compression=gzip-js:0
[  174569ms] [ERROR] Failed to load resource: the server responded with a status of 405 () @ https://chatty-stage-app.rumsan.us/auth/login/?ip=0&_=1776418460307&ver=1.360.1&compression=gzip-js:0
[  177571ms] [WARNING] The resource https://chatty-stage-app.rumsan.us/_next/static/media/4cf2300e9c8272f7-s.p.woff2 was preloaded using link preload but not used within a few seconds from the window's load event. Please make sure it has an appropriate `as` value and it is preloaded intentionally. @ https://chatty-stage-app.rumsan.us/auth/login:0
[  177571ms] [WARNING] The resource https://chatty-stage-app.rumsan.us/_next/static/media/93f479601ee12b01-s.p.woff2 was preloaded using link preload but not used within a few seconds from the window's load event. Please make sure it has an appropriate `as` value and it is preloaded intentionally. @ https://chatty-stage-app.rumsan.us/auth/login:0
[  178988ms] [ERROR] Failed to load resource: the server responded with a status of 405 () @ https://chatty-stage-app.rumsan.us/auth/login/?ip=0&_=1776418464737&ver=1.360.1&compression=gzip-js:0
[  178997ms] [ERROR] Failed to load resource: the server responded with a status of 405 () @ https://chatty-stage-app.rumsan.us/auth/login/?ip=0&_=1776418464740&ver=1.360.1&compression=gzip-js:0
[  181999ms] [WARNING] The resource https://chatty-stage-app.rumsan.us/_next/static/media/4cf2300e9c8272f7-s.p.woff2 was preloaded using link preload but not used within a few seconds from the window's load event. Please make sure it has an appropriate `as` value and it is preloaded intentionally. @ https://chatty-stage-app.rumsan.us/auth/login:0
[  182000ms] [WARNING] The resource https://chatty-stage-app.rumsan.us/_next/static/media/93f479601ee12b01-s.p.woff2 was preloaded using link preload but not used within a few seconds from the window's load event. Please make sure it has an appropriate `as` value and it is preloaded intentionally. @ https://chatty-stage-app.rumsan.us/auth/login:0
[  184008ms] [ERROR] Failed to load resource: the server responded with a status of 405 () @ https://chatty-stage-app.rumsan.us/auth/login/?ip=0&_=1776418469747&ver=1.360.1&compression=gzip-js:0
[  184009ms] [ERROR] Failed to load resource: the server responded with a status of 405 () @ https://chatty-stage-app.rumsan.us/auth/login/?ip=0&_=1776418469748&ver=1.360.1&compression=gzip-js:0
[  187010ms] [WARNING] The resource https://chatty-stage-app.rumsan.us/_next/static/media/4cf2300e9c8272f7-s.p.woff2 was preloaded using link preload but not used within a few seconds from the window's load event. Please make sure it has an appropriate `as` value and it is preloaded intentionally. @ https://chatty-stage-app.rumsan.us/auth/login:0
[  187010ms] [WARNING] The resource https://chatty-stage-app.rumsan.us/_next/static/media/93f479601ee12b01-s.p.woff2 was preloaded using link preload but not used within a few seconds from the window's load event. Please make sure it has an appropriate `as` value and it is preloaded intentionally. @ https://chatty-stage-app.rumsan.us/auth/login:0
[  188768ms] [ERROR] Failed to load resource: the server responded with a status of 405 () @ https://chatty-stage-app.rumsan.us/auth/login/?ip=0&_=1776418474512&ver=1.360.1&compression=gzip-js:0
[  188778ms] [ERROR] Failed to load resource: the server responded with a status of 405 () @ https://chatty-stage-app.rumsan.us/auth/login/?ip=0&_=1776418474511&ver=1.360.1&compression=gzip-js:0
[  192680ms] [ERROR] Failed to load resource: the server responded with a status of 405 () @ https://chatty-stage-app.rumsan.us/auth/login/?ip=0&_=1776418478440&ver=1.360.1&compression=gzip-js:0
[  192687ms] [ERROR] Failed to load resource: the server responded with a status of 405 () @ https://chatty-stage-app.rumsan.us/auth/login/?ip=0&_=1776418478441&ver=1.360.1&compression=gzip-js:0
[  195688ms] [WARNING] The resource https://chatty-stage-app.rumsan.us/_next/static/media/4cf2300e9c8272f7-s.p.woff2 was preloaded using link preload but not used within a few seconds from the window's load event. Please make sure it has an appropriate `as` value and it is preloaded intentionally. @ https://chatty-stage-app.rumsan.us/auth/verify-otp?email=anusha%402ajvmidc.mailosaur.net:0
[  195688ms] [WARNING] The resource https://chatty-stage-app.rumsan.us/_next/static/media/93f479601ee12b01-s.p.woff2 was preloaded using link preload but not used within a few seconds from the window's load event. Please make sure it has an appropriate `as` value and it is preloaded intentionally. @ https://chatty-stage-app.rumsan.us/auth/verify-otp?email=anusha%402ajvmidc.mailosaur.net:0
[  196071ms] [ERROR] Failed to load resource: the server responded with a status of 405 () @ https://chatty-stage-app.rumsan.us/auth/login/?ip=0&_=1776418481796&ver=1.360.1&compression=gzip-js:0
[  199072ms] [WARNING] The resource https://chatty-stage-app.rumsan.us/_next/static/media/4cf2300e9c8272f7-s.p.woff2 was preloaded using link preload but not used within a few seconds from the window's load event. Please make sure it has an appropriate `as` value and it is preloaded intentionally. @ https://chatty-stage-app.rumsan.us/auth/verify-otp?email=anusha%402ajvmidc.mailosaur.net:0
[  199073ms] [WARNING] The resource https://chatty-stage-app.rumsan.us/_next/static/media/93f479601ee12b01-s.p.woff2 was preloaded using link preload but not used within a few seconds from the window's load event. Please make sure it has an appropriate `as` value and it is preloaded intentionally. @ https://chatty-stage-app.rumsan.us/auth/verify-otp?email=anusha%402ajvmidc.mailosaur.net:0
[  201139ms] [ERROR] Failed to load resource: the server responded with a status of 405 () @ https://chatty-stage-app.rumsan.us/auth/login/?ip=0&_=1776418486869&ver=1.360.1&compression=gzip-js:0
[  204141ms] [WARNING] The resource https://chatty-stage-app.rumsan.us/_next/static/media/4cf2300e9c8272f7-s.p.woff2 was preloaded using link preload but not used within a few seconds from the window's load event. Please make sure it has an appropriate `as` value and it is preloaded intentionally. @ https://chatty-stage-app.rumsan.us/auth/verify-otp?email=anusha%402ajvmidc.mailosaur.net:0
[  204142ms] [WARNING] The resource https://chatty-stage-app.rumsan.us/_next/static/media/93f479601ee12b01-s.p.woff2 was preloaded using link preload but not used within a few seconds from the window's load event. Please make sure it has an appropriate `as` value and it is preloaded intentionally. @ https://chatty-stage-app.rumsan.us/auth/verify-otp?email=anusha%402ajvmidc.mailosaur.net:0
[  206231ms] [ERROR] Failed to load resource: the server responded with a status of 405 () @ https://chatty-stage-app.rumsan.us/auth/login/?ip=0&_=1776418491949&ver=1.360.1&compression=gzip-js:0
[  209234ms] [WARNING] The resource https://chatty-stage-app.rumsan.us/_next/static/media/4cf2300e9c8272f7-s.p.woff2 was preloaded using link preload but not used within a few seconds from the window's load event. Please make sure it has an appropriate `as` value and it is preloaded intentionally. @ https://chatty-stage-app.rumsan.us/auth/verify-otp?email=anusha%402ajvmidc.mailosaur.net:0
[  209234ms] [WARNING] The resource https://chatty-stage-app.rumsan.us/_next/static/media/93f479601ee12b01-s.p.woff2 was preloaded using link preload but not used within a few seconds from the window's load event. Please make sure it has an appropriate `as` value and it is preloaded intentionally. @ https://chatty-stage-app.rumsan.us/auth/verify-otp?email=anusha%402ajvmidc.mailosaur.net:0
[  211309ms] [ERROR] Failed to load resource: the server responded with a status of 405 () @ https://chatty-stage-app.rumsan.us/auth/login/?ip=0&_=1776418497030&ver=1.360.1&compression=gzip-js:0
[  214311ms] [WARNING] The resource https://chatty-stage-app.rumsan.us/_next/static/media/4cf2300e9c8272f7-s.p.woff2 was preloaded using link preload but not used within a few seconds from the window's load event. Please make sure it has an appropriate `as` value and it is preloaded intentionally. @ https://chatty-stage-app.rumsan.us/auth/verify-otp?email=anusha%402ajvmidc.mailosaur.net:0
[  214312ms] [WARNING] The resource https://chatty-stage-app.rumsan.us/_next/static/media/93f479601ee12b01-s.p.woff2 was preloaded using link preload but not used within a few seconds from the window's load event. Please make sure it has an appropriate `as` value and it is preloaded intentionally. @ https://chatty-stage-app.rumsan.us/auth/verify-otp?email=anusha%402ajvmidc.mailosaur.net:0
[  216399ms] [ERROR] Failed to load resource: the server responded with a status of 405 () @ https://chatty-stage-app.rumsan.us/auth/login/?ip=0&_=1776418502114&ver=1.360.1&compression=gzip-js:0
[  219401ms] [WARNING] The resource https://chatty-stage-app.rumsan.us/_next/static/media/4cf2300e9c8272f7-s.p.woff2 was preloaded using link preload but not used within a few seconds from the window's load event. Please make sure it has an appropriate `as` value and it is preloaded intentionally. @ https://chatty-stage-app.rumsan.us/auth/verify-otp?email=anusha%402ajvmidc.mailosaur.net:0
[  219402ms] [WARNING] The resource https://chatty-stage-app.rumsan.us/_next/static/media/93f479601ee12b01-s.p.woff2 was preloaded using link preload but not used within a few seconds from the window's load event. Please make sure it has an appropriate `as` value and it is preloaded intentionally. @ https://chatty-stage-app.rumsan.us/auth/verify-otp?email=anusha%402ajvmidc.mailosaur.net:0
[  221469ms] [ERROR] Failed to load resource: the server responded with a status of 405 () @ https://chatty-stage-app.rumsan.us/auth/login/?ip=0&_=1776418507198&ver=1.360.1&compression=gzip-js:0
[  224470ms] [WARNING] The resource https://chatty-stage-app.rumsan.us/_next/static/media/4cf2300e9c8272f7-s.p.woff2 was preloaded using link preload but not used within a few seconds from the window's load event. Please make sure it has an appropriate `as` value and it is preloaded intentionally. @ https://chatty-stage-app.rumsan.us/auth/verify-otp?email=anusha%402ajvmidc.mailosaur.net:0
[  224471ms] [WARNING] The resource https://chatty-stage-app.rumsan.us/_next/static/media/93f479601ee12b01-s.p.woff2 was preloaded using link preload but not used within a few seconds from the window's load event. Please make sure it has an appropriate `as` value and it is preloaded intentionally. @ https://chatty-stage-app.rumsan.us/auth/verify-otp?email=anusha%402ajvmidc.mailosaur.net:0
[  226608ms] [ERROR] Failed to load resource: the server responded with a status of 405 () @ https://chatty-stage-app.rumsan.us/auth/login/?ip=0&_=1776418512265&ver=1.360.1&compression=gzip-js:0
[  226610ms] [ERROR] Failed to load resource: the server responded with a status of 405 () @ https://chatty-stage-app.rumsan.us/auth/login/?ip=0&_=1776418512269&ver=1.360.1&compression=gzip-js:0
[  229612ms] [WARNING] The resource https://chatty-stage-app.rumsan.us/_next/static/media/4cf2300e9c8272f7-s.p.woff2 was preloaded using link preload but not used within a few seconds from the window's load event. Please make sure it has an appropriate `as` value and it is preloaded intentionally. @ https://chatty-stage-app.rumsan.us/auth/verify-otp?email=anusha%402ajvmidc.mailosaur.net:0
[  229612ms] [WARNING] The resource https://chatty-stage-app.rumsan.us/_next/static/media/93f479601ee12b01-s.p.woff2 was preloaded using link preload but not used within a few seconds from the window's load event. Please make sure it has an appropriate `as` value and it is preloaded intentionally. @ https://chatty-stage-app.rumsan.us/auth/verify-otp?email=anusha%402ajvmidc.mailosaur.net:0
[  229830ms] [ERROR] Failed to load resource: the server responded with a status of 405 () @ https://chatty-stage-app.rumsan.us/auth/login/?ip=0&_=1776418515543&ver=1.360.1&compression=gzip-js:0
[  229837ms] [ERROR] Failed to load resource: the server responded with a status of 405 () @ https://chatty-stage-app.rumsan.us/auth/login/?ip=0&_=1776418515540&ver=1.360.1&compression=gzip-js:0
[  232841ms] [WARNING] The resource https://chatty-stage-app.rumsan.us/_next/static/media/4cf2300e9c8272f7-s.p.woff2 was preloaded using link preload but not used within a few seconds from the window's load event. Please make sure it has an appropriate `as` value and it is preloaded intentionally. @ https://chatty-stage-app.rumsan.us/auth/verify-otp?email=anusha%402ajvmidc.mailosaur.net:0
[  232841ms] [WARNING] The resource https://chatty-stage-app.rumsan.us/_next/static/media/93f479601ee12b01-s.p.woff2 was preloaded using link preload but not used within a few seconds from the window's load event. Please make sure it has an appropriate `as` value and it is preloaded intentionally. @ https://chatty-stage-app.rumsan.us/auth/verify-otp?email=anusha%402ajvmidc.mailosaur.net:0
[  234888ms] [ERROR] Failed to load resource: the server responded with a status of 405 () @ https://chatty-stage-app.rumsan.us/auth/login/?ip=0&_=1776418520632&ver=1.360.1&compression=gzip-js:0
[  237890ms] [WARNING] The resource https://chatty-stage-app.rumsan.us/_next/static/media/4cf2300e9c8272f7-s.p.woff2 was preloaded using link preload but not used within a few seconds from the window's load event. Please make sure it has an appropriate `as` value and it is preloaded intentionally. @ https://chatty-stage-app.rumsan.us/auth/verify-otp?email=anusha%402ajvmidc.mailosaur.net:0
[  237890ms] [WARNING] The resource https://chatty-stage-app.rumsan.us/_next/static/media/93f479601ee12b01-s.p.woff2 was preloaded using link preload but not used within a few seconds from the window's load event. Please make sure it has an appropriate `as` value and it is preloaded intentionally. @ https://chatty-stage-app.rumsan.us/auth/verify-otp?email=anusha%402ajvmidc.mailosaur.net:0
[  239941ms] [ERROR] Failed to load resource: the server responded with a status of 405 () @ https://chatty-stage-app.rumsan.us/auth/login/?ip=0&_=1776418525686&ver=1.360.1&compression=gzip-js:0
[  242944ms] [WARNING] The resource https://chatty-stage-app.rumsan.us/_next/static/media/4cf2300e9c8272f7-s.p.woff2 was preloaded using link preload but not used within a few seconds from the window's load event. Please make sure it has an appropriate `as` value and it is preloaded intentionally. @ https://chatty-stage-app.rumsan.us/auth/verify-otp?email=anusha%402ajvmidc.mailosaur.net:0
[  242944ms] [WARNING] The resource https://chatty-stage-app.rumsan.us/_next/static/media/93f479601ee12b01-s.p.woff2 was preloaded using link preload but not used within a few seconds from the window's load event. Please make sure it has an appropriate `as` value and it is preloaded intentionally. @ https://chatty-stage-app.rumsan.us/auth/verify-otp?email=anusha%402ajvmidc.mailosaur.net:0
[  244097ms] [ERROR] Failed to load resource: the server responded with a status of 405 () @ https://chatty-stage-app.rumsan.us/auth/login/?ip=0&_=1776418529830&ver=1.360.1&compression=gzip-js:0
[  244098ms] [ERROR] Failed to load resource: the server responded with a status of 405 () @ https://chatty-stage-app.rumsan.us/auth/login/?ip=0&_=1776418529826&ver=1.360.1&compression=gzip-js:0
[  247099ms] [WARNING] The resource https://chatty-stage-app.rumsan.us/_next/static/media/4cf2300e9c8272f7-s.p.woff2 was preloaded using link preload but not used within a few seconds from the window's load event. Please make sure it has an appropriate `as` value and it is preloaded intentionally. @ https://chatty-stage-app.rumsan.us/auth/verify-otp?email=anusha%402ajvmidc.mailosaur.net:0
[  247099ms] [WARNING] The resource https://chatty-stage-app.rumsan.us/_next/static/media/93f479601ee12b01-s.p.woff2 was preloaded using link preload but not used within a few seconds from the window's load event. Please make sure it has an appropriate `as` value and it is preloaded intentionally. @ https://chatty-stage-app.rumsan.us/auth/verify-otp?email=anusha%402ajvmidc.mailosaur.net:0
[  249188ms] [ERROR] Failed to load resource: the server responded with a status of 405 () @ https://chatty-stage-app.rumsan.us/auth/login/?ip=0&_=1776418534897&ver=1.360.1&compression=gzip-js:0
[  249189ms] [ERROR] Failed to load resource: the server responded with a status of 405 () @ https://chatty-stage-app.rumsan.us/auth/login/?ip=0&_=1776418534899&ver=1.360.1&compression=gzip-js:0
[  252191ms] [WARNING] The resource https://chatty-stage-app.rumsan.us/_next/static/media/4cf2300e9c8272f7-s.p.woff2 was preloaded using link preload but not used within a few seconds from the window's load event. Please make sure it has an appropriate `as` value and it is preloaded intentionally. @ https://chatty-stage-app.rumsan.us/auth/verify-otp?email=anusha%402ajvmidc.mailosaur.net:0
[  252191ms] [WARNING] The resource https://chatty-stage-app.rumsan.us/_next/static/media/93f479601ee12b01-s.p.woff2 was preloaded using link preload but not used within a few seconds from the window's load event. Please make sure it has an appropriate `as` value and it is preloaded intentionally. @ https://chatty-stage-app.rumsan.us/auth/verify-otp?email=anusha%402ajvmidc.mailosaur.net:0
[  254238ms] [ERROR] Failed to load resource: the server responded with a status of 405 () @ https://chatty-stage-app.rumsan.us/auth/login/?ip=0&_=1776418539985&ver=1.360.1&compression=gzip-js:0
[  254247ms] [ERROR] Failed to load resource: the server responded with a status of 405 () @ https://chatty-stage-app.rumsan.us/auth/login/?ip=0&_=1776418539989&ver=1.360.1&compression=gzip-js:0
[  257249ms] [WARNING] The resource https://chatty-stage-app.rumsan.us/_next/static/media/4cf2300e9c8272f7-s.p.woff2 was preloaded using link preload but not used within a few seconds from the window's load event. Please make sure it has an appropriate `as` value and it is preloaded intentionally. @ https://chatty-stage-app.rumsan.us/auth/verify-otp?email=anusha%402ajvmidc.mailosaur.net:0
[  257250ms] [WARNING] The resource https://chatty-stage-app.rumsan.us/_next/static/media/93f479601ee12b01-s.p.woff2 was preloaded using link preload but not used within a few seconds from the window's load event. Please make sure it has an appropriate `as` value and it is preloaded intentionally. @ https://chatty-stage-app.rumsan.us/auth/verify-otp?email=anusha%402ajvmidc.mailosaur.net:0
[  259297ms] [ERROR] Failed to load resource: the server responded with a status of 405 () @ https://chatty-stage-app.rumsan.us/auth/login/?ip=0&_=1776418545036&ver=1.360.1&compression=gzip-js:0
[  259307ms] [ERROR] Failed to load resource: the server responded with a status of 405 () @ https://chatty-stage-app.rumsan.us/auth/login/?ip=0&_=1776418545038&ver=1.360.1&compression=gzip-js:0
[  262309ms] [WARNING] The resource https://chatty-stage-app.rumsan.us/_next/static/media/4cf2300e9c8272f7-s.p.woff2 was preloaded using link preload but not used within a few seconds from the window's load event. Please make sure it has an appropriate `as` value and it is preloaded intentionally. @ https://chatty-stage-app.rumsan.us/auth/verify-otp?email=anusha%402ajvmidc.mailosaur.net:0
[  262309ms] [WARNING] The resource https://chatty-stage-app.rumsan.us/_next/static/media/93f479601ee12b01-s.p.woff2 was preloaded using link preload but not used within a few seconds from the window's load event. Please make sure it has an appropriate `as` value and it is preloaded intentionally. @ https://chatty-stage-app.rumsan.us/auth/verify-otp?email=anusha%402ajvmidc.mailosaur.net:0
[  268180ms] [WARNING] The resource https://chatty-stage-app.rumsan.us/_next/static/media/4cf2300e9c8272f7-s.p.woff2 was preloaded using link preload but not used within a few seconds from the window's load event. Please make sure it has an appropriate `as` value and it is preloaded intentionally. @ https://chatty-stage-app.rumsan.us/admin:0
[  268180ms] [WARNING] The resource https://chatty-stage-app.rumsan.us/_next/static/media/93f479601ee12b01-s.p.woff2 was preloaded using link preload but not used within a few seconds from the window's load event. Please make sure it has an appropriate `as` value and it is preloaded intentionally. @ https://chatty-stage-app.rumsan.us/admin:0
[  276221ms] [WARNING] The resource https://chatty-stage-app.rumsan.us/_next/static/media/4cf2300e9c8272f7-s.p.woff2 was preloaded using link preload but not used within a few seconds from the window's load event. Please make sure it has an appropriate `as` value and it is preloaded intentionally. @ https://chatty-stage-app.rumsan.us/admin:0
[  276221ms] [WARNING] The resource https://chatty-stage-app.rumsan.us/_next/static/media/93f479601ee12b01-s.p.woff2 was preloaded using link preload but not used within a few seconds from the window's load event. Please make sure it has an appropriate `as` value and it is preloaded intentionally. @ https://chatty-stage-app.rumsan.us/admin:0
[  293710ms] [WARNING] The resource https://chatty-stage-app.rumsan.us/_next/static/media/4cf2300e9c8272f7-s.p.woff2 was preloaded using link preload but not used within a few seconds from the window's load event. Please make sure it has an appropriate `as` value and it is preloaded intentionally. @ https://chatty-stage-app.rumsan.us/admin:0
[  293711ms] [WARNING] The resource https://chatty-stage-app.rumsan.us/_next/static/media/93f479601ee12b01-s.p.woff2 was preloaded using link preload but not used within a few seconds from the window's load event. Please make sure it has an appropriate `as` value and it is preloaded intentionally. @ https://chatty-stage-app.rumsan.us/admin:0
[  300855ms] [WARNING] The resource https://chatty-stage-app.rumsan.us/_next/static/media/4cf2300e9c8272f7-s.p.woff2 was preloaded using link preload but not used within a few seconds from the window's load event. Please make sure it has an appropriate `as` value and it is preloaded intentionally. @ https://chatty-stage-app.rumsan.us/admin:0
[  300855ms] [WARNING] The resource https://chatty-stage-app.rumsan.us/_next/static/media/93f479601ee12b01-s.p.woff2 was preloaded using link preload but not used within a few seconds from the window's load event. Please make sure it has an appropriate `as` value and it is preloaded intentionally. @ https://chatty-stage-app.rumsan.us/admin:0
[  304839ms] [WARNING] The resource https://chatty-stage-app.rumsan.us/_next/static/media/4cf2300e9c8272f7-s.p.woff2 was preloaded using link preload but not used within a few seconds from the window's load event. Please make sure it has an appropriate `as` value and it is preloaded intentionally. @ https://chatty-stage-app.rumsan.us/admin:0
[  304839ms] [WARNING] The resource https://chatty-stage-app.rumsan.us/_next/static/media/93f479601ee12b01-s.p.woff2 was preloaded using link preload but not used within a few seconds from the window's load event. Please make sure it has an appropriate `as` value and it is preloaded intentionally. @ https://chatty-stage-app.rumsan.us/admin:0
[  310430ms] [WARNING] The resource https://chatty-stage-app.rumsan.us/_next/static/media/4cf2300e9c8272f7-s.p.woff2 was preloaded using link preload but not used within a few seconds from the window's load event. Please make sure it has an appropriate `as` value and it is preloaded intentionally. @ https://chatty-stage-app.rumsan.us/admin:0
[  310430ms] [WARNING] The resource https://chatty-stage-app.rumsan.us/_next/static/media/93f479601ee12b01-s.p.woff2 was preloaded using link preload but not used within a few seconds from the window's load event. Please make sure it has an appropriate `as` value and it is preloaded intentionally. @ https://chatty-stage-app.rumsan.us/admin:0
[  315010ms] [WARNING] The resource https://chatty-stage-app.rumsan.us/_next/static/media/4cf2300e9c8272f7-s.p.woff2 was preloaded using link preload but not used within a few seconds from the window's load event. Please make sure it has an appropriate `as` value and it is preloaded intentionally. @ https://chatty-stage-app.rumsan.us/admin:0
[  315010ms] [WARNING] The resource https://chatty-stage-app.rumsan.us/_next/static/media/93f479601ee12b01-s.p.woff2 was preloaded using link preload but not used within a few seconds from the window's load event. Please make sure it has an appropriate `as` value and it is preloaded intentionally. @ https://chatty-stage-app.rumsan.us/admin:0
[  321030ms] [WARNING] The resource https://chatty-stage-app.rumsan.us/_next/static/media/4cf2300e9c8272f7-s.p.woff2 was preloaded using link preload but not used within a few seconds from the window's load event. Please make sure it has an appropriate `as` value and it is preloaded intentionally. @ https://chatty-stage-app.rumsan.us/admin:0
[  321031ms] [WARNING] The resource https://chatty-stage-app.rumsan.us/_next/static/media/93f479601ee12b01-s.p.woff2 was preloaded using link preload but not used within a few seconds from the window's load event. Please make sure it has an appropriate `as` value and it is preloaded intentionally. @ https://chatty-stage-app.rumsan.us/admin:0
[  326823ms] [WARNING] The resource https://chatty-stage-app.rumsan.us/_next/static/media/4cf2300e9c8272f7-s.p.woff2 was preloaded using link preload but not used within a few seconds from the window's load event. Please make sure it has an appropriate `as` value and it is preloaded intentionally. @ https://chatty-stage-app.rumsan.us/admin:0
[  326824ms] [WARNING] The resource https://chatty-stage-app.rumsan.us/_next/static/media/93f479601ee12b01-s.p.woff2 was preloaded using link preload but not used within a few seconds from the window's load event. Please make sure it has an appropriate `as` value and it is preloaded intentionally. @ https://chatty-stage-app.rumsan.us/admin:0
[  332710ms] [WARNING] The resource https://chatty-stage-app.rumsan.us/_next/static/media/4cf2300e9c8272f7-s.p.woff2 was preloaded using link preload but not used within a few seconds from the window's load event. Please make sure it has an appropriate `as` value and it is preloaded intentionally. @ https://chatty-stage-app.rumsan.us/admin:0
[  332710ms] [WARNING] The resource https://chatty-stage-app.rumsan.us/_next/static/media/93f479601ee12b01-s.p.woff2 was preloaded using link preload but not used within a few seconds from the window's load event. Please make sure it has an appropriate `as` value and it is preloaded intentionally. @ https://chatty-stage-app.rumsan.us/admin:0
[  336329ms] [WARNING] The resource https://chatty-stage-app.rumsan.us/_next/static/media/4cf2300e9c8272f7-s.p.woff2 was preloaded using link preload but not used within a few seconds from the window's load event. Please make sure it has an appropriate `as` value and it is preloaded intentionally. @ https://chatty-stage-app.rumsan.us/admin/workspaces:0
[  336329ms] [WARNING] The resource https://chatty-stage-app.rumsan.us/_next/static/media/93f479601ee12b01-s.p.woff2 was preloaded using link preload but not used within a few seconds from the window's load event. Please make sure it has an appropriate `as` value and it is preloaded intentionally. @ https://chatty-stage-app.rumsan.us/admin/workspaces:0
[  340122ms] [WARNING] The resource https://chatty-stage-app.rumsan.us/_next/static/media/4cf2300e9c8272f7-s.p.woff2 was preloaded using link preload but not used within a few seconds from the window's load event. Please make sure it has an appropriate `as` value and it is preloaded intentionally. @ https://chatty-stage-app.rumsan.us/admin/workspaces:0
[  340122ms] [WARNING] The resource https://chatty-stage-app.rumsan.us/_next/static/media/93f479601ee12b01-s.p.woff2 was preloaded using link preload but not used within a few seconds from the window's load event. Please make sure it has an appropriate `as` value and it is preloaded intentionally. @ https://chatty-stage-app.rumsan.us/admin/workspaces:0
[  345521ms] [WARNING] The resource https://chatty-stage-app.rumsan.us/_next/static/media/4cf2300e9c8272f7-s.p.woff2 was preloaded using link preload but not used within a few seconds from the window's load event. Please make sure it has an appropriate `as` value and it is preloaded intentionally. @ https://chatty-stage-app.rumsan.us/admin/workspaces:0
[  345522ms] [WARNING] The resource https://chatty-stage-app.rumsan.us/_next/static/media/93f479601ee12b01-s.p.woff2 was preloaded using link preload but not used within a few seconds from the window's load event. Please make sure it has an appropriate `as` value and it is preloaded intentionally. @ https://chatty-stage-app.rumsan.us/admin/workspaces:0
[  351108ms] [WARNING] The resource https://chatty-stage-app.rumsan.us/_next/static/media/4cf2300e9c8272f7-s.p.woff2 was preloaded using link preload but not used within a few seconds from the window's load event. Please make sure it has an appropriate `as` value and it is preloaded intentionally. @ https://chatty-stage-app.rumsan.us/admin/workspaces:0
[  351108ms] [WARNING] The resource https://chatty-stage-app.rumsan.us/_next/static/media/93f479601ee12b01-s.p.woff2 was preloaded using link preload but not used within a few seconds from the window's load event. Please make sure it has an appropriate `as` value and it is preloaded intentionally. @ https://chatty-stage-app.rumsan.us/admin/workspaces:0
[  357069ms] [WARNING] The resource https://chatty-stage-app.rumsan.us/_next/static/media/4cf2300e9c8272f7-s.p.woff2 was preloaded using link preload but not used within a few seconds from the window's load event. Please make sure it has an appropriate `as` value and it is preloaded intentionally. @ https://chatty-stage-app.rumsan.us/admin/workspaces:0
[  357069ms] [WARNING] The resource https://chatty-stage-app.rumsan.us/_next/static/media/93f479601ee12b01-s.p.woff2 was preloaded using link preload but not used within a few seconds from the window's load event. Please make sure it has an appropriate `as` value and it is preloaded intentionally. @ https://chatty-stage-app.rumsan.us/admin/workspaces:0
[  366402ms] [WARNING] The resource https://chatty-stage-app.rumsan.us/_next/static/media/4cf2300e9c8272f7-s.p.woff2 was preloaded using link preload but not used within a few seconds from the window's load event. Please make sure it has an appropriate `as` value and it is preloaded intentionally. @ https://chatty-stage-app.rumsan.us/admin:0
[  366402ms] [WARNING] The resource https://chatty-stage-app.rumsan.us/_next/static/media/93f479601ee12b01-s.p.woff2 was preloaded using link preload but not used within a few seconds from the window's load event. Please make sure it has an appropriate `as` value and it is preloaded intentionally. @ https://chatty-stage-app.rumsan.us/admin:0
[  372329ms] [WARNING] The resource https://chatty-stage-app.rumsan.us/_next/static/media/4cf2300e9c8272f7-s.p.woff2 was preloaded using link preload but not used within a few seconds from the window's load event. Please make sure it has an appropriate `as` value and it is preloaded intentionally. @ https://chatty-stage-app.rumsan.us/admin:0
[  372329ms] [WARNING] The resource https://chatty-stage-app.rumsan.us/_next/static/media/93f479601ee12b01-s.p.woff2 was preloaded using link preload but not used within a few seconds from the window's load event. Please make sure it has an appropriate `as` value and it is preloaded intentionally. @ https://chatty-stage-app.rumsan.us/admin:0
[  378302ms] [WARNING] The resource https://chatty-stage-app.rumsan.us/_next/static/media/4cf2300e9c8272f7-s.p.woff2 was preloaded using link preload but not used within a few seconds from the window's load event. Please make sure it has an appropriate `as` value and it is preloaded intentionally. @ https://chatty-stage-app.rumsan.us/admin:0
[  378302ms] [WARNING] The resource https://chatty-stage-app.rumsan.us/_next/static/media/93f479601ee12b01-s.p.woff2 was preloaded using link preload but not used within a few seconds from the window's load event. Please make sure it has an appropriate `as` value and it is preloaded intentionally. @ https://chatty-stage-app.rumsan.us/admin:0
[  384019ms] [WARNING] The resource https://chatty-stage-app.rumsan.us/_next/static/media/4cf2300e9c8272f7-s.p.woff2 was preloaded using link preload but not used within a few seconds from the window's load event. Please make sure it has an appropriate `as` value and it is preloaded intentionally. @ https://chatty-stage-app.rumsan.us/admin/organization:0
[  384020ms] [WARNING] The resource https://chatty-stage-app.rumsan.us/_next/static/media/93f479601ee12b01-s.p.woff2 was preloaded using link preload but not used within a few seconds from the window's load event. Please make sure it has an appropriate `as` value and it is preloaded intentionally. @ https://chatty-stage-app.rumsan.us/admin/organization:0
[  388031ms] [WARNING] The resource https://chatty-stage-app.rumsan.us/_next/static/media/4cf2300e9c8272f7-s.p.woff2 was preloaded using link preload but not used within a few seconds from the window's load event. Please make sure it has an appropriate `as` value and it is preloaded intentionally. @ https://chatty-stage-app.rumsan.us/admin/organization:0
[  388031ms] [WARNING] The resource https://chatty-stage-app.rumsan.us/_next/static/media/93f479601ee12b01-s.p.woff2 was preloaded using link preload but not used within a few seconds from the window's load event. Please make sure it has an appropriate `as` value and it is preloaded intentionally. @ https://chatty-stage-app.rumsan.us/admin/organization:0
